Determining if the pthread_create exist failed with the following output:
Change Dir: /home/ubuntu/project1_ws/build/CMakeFiles/CMakeTmp

Run Build Command:"/usr/bin/make" "cmTC_fc91c/fast"
/usr/bin/make -f CMakeFiles/cmTC_fc91c.dir/build.make CMakeFiles/cmTC_fc91c.dir/build
make[1]: Entering directory '/home/ubuntu/project1_ws/build/CMakeFiles/CMakeTmp'
Building C object CMakeFiles/cmTC_fc91c.dir/CheckSymbolExists.c.o
/usr/bin/cc    -o CMakeFiles/cmTC_fc91c.dir/CheckSymbolExists.c.o   -c /home/ubuntu/project1_ws/build/CMakeFiles/CMakeTmp/CheckSymbolExists.c
Linking C executable cmTC_fc91c
/usr/bin/cmake -E cmake_link_script CMakeFiles/cmTC_fc91c.dir/link.txt --verbose=1
/usr/bin/cc      -rdynamic CMakeFiles/cmTC_fc91c.dir/CheckSymbolExists.c.o  -o cmTC_fc91c 
CMakeFiles/cmTC_fc91c.dir/CheckSymbolExists.c.o: In function `main':
CheckSymbolExists.c:(.text+0x14): undefined reference to `pthread_create'
CheckSymbolExists.c:(.text+0x18): undefined reference to `pthread_create'
collect2: error: ld returned 1 exit status
CMakeFiles/cmTC_fc91c.dir/build.make:97: recipe for target 'cmTC_fc91c' failed
make[1]: *** [cmTC_fc91c] Error 1
make[1]: Leaving directory '/home/ubuntu/project1_ws/build/CMakeFiles/CMakeTmp'
Makefile:126: recipe for target 'cmTC_fc91c/fast' failed
make: *** [cmTC_fc91c/fast] Error 2

File /home/ubuntu/project1_ws/build/CMakeFiles/CMakeTmp/CheckSymbolExists.c:
/* */
#include <pthread.h>

int main(int argc, char** argv)
{
  (void)argv;
#ifndef pthread_create
  return ((int*)(&pthread_create))[argc];
#else
  (void)argc;
  return 0;
#endif
}

Determining if the function pthread_create exists in the pthreads failed with the following output:
Change Dir: /home/ubuntu/project1_ws/build/CMakeFiles/CMakeTmp

Run Build Command:"/usr/bin/make" "cmTC_3fffb/fast"
/usr/bin/make -f CMakeFiles/cmTC_3fffb.dir/build.make CMakeFiles/cmTC_3fffb.dir/build
make[1]: Entering directory '/home/ubuntu/project1_ws/build/CMakeFiles/CMakeTmp'
Building C object CMakeFiles/cmTC_3fffb.dir/CheckFunctionExists.c.o
/usr/bin/cc   -DCHECK_FUNCTION_EXISTS=pthread_create   -o CMakeFiles/cmTC_3fffb.dir/CheckFunctionExists.c.o   -c /usr/share/cmake-3.10/Modules/CheckFunctionExists.c
Linking C executable cmTC_3fffb
/usr/bin/cmake -E cmake_link_script CMakeFiles/cmTC_3fffb.dir/link.txt --verbose=1
/usr/bin/cc  -DCHECK_FUNCTION_EXISTS=pthread_create    -rdynamic CMakeFiles/cmTC_3fffb.dir/CheckFunctionExists.c.o  -o cmTC_3fffb -lpthreads 
/usr/bin/ld: cannot find -lpthreads
collect2: error: ld returned 1 exit status
CMakeFiles/cmTC_3fffb.dir/build.make:97: recipe for target 'cmTC_3fffb' failed
make[1]: *** [cmTC_3fffb] Error 1
make[1]: Leaving directory '/home/ubuntu/project1_ws/build/CMakeFiles/CMakeTmp'
Makefile:126: recipe for target 'cmTC_3fffb/fast' failed
make: *** [cmTC_3fffb/fast] Error 2


Determining if the pthread_create exist failed with the following output:
Change Dir: /home/ubuntu/ROS/project1_ws/build/CMakeFiles/CMakeTmp

Run Build Command:"/usr/bin/make" "cmTC_82e43/fast"
/usr/bin/make -f CMakeFiles/cmTC_82e43.dir/build.make CMakeFiles/cmTC_82e43.dir/build
make[1]: Entering directory '/home/ubuntu/ROS/project1_ws/build/CMakeFiles/CMakeTmp'
Building C object CMakeFiles/cmTC_82e43.dir/CheckSymbolExists.c.o
/usr/bin/cc    -o CMakeFiles/cmTC_82e43.dir/CheckSymbolExists.c.o   -c /home/ubuntu/ROS/project1_ws/build/CMakeFiles/CMakeTmp/CheckSymbolExists.c
Linking C executable cmTC_82e43
/usr/bin/cmake -E cmake_link_script CMakeFiles/cmTC_82e43.dir/link.txt --verbose=1
/usr/bin/cc      -rdynamic CMakeFiles/cmTC_82e43.dir/CheckSymbolExists.c.o  -o cmTC_82e43 
CMakeFiles/cmTC_82e43.dir/CheckSymbolExists.c.o: In function `main':
CheckSymbolExists.c:(.text+0x14): undefined reference to `pthread_create'
CheckSymbolExists.c:(.text+0x18): undefined reference to `pthread_create'
collect2: error: ld returned 1 exit status
CMakeFiles/cmTC_82e43.dir/build.make:97: recipe for target 'cmTC_82e43' failed
make[1]: *** [cmTC_82e43] Error 1
make[1]: Leaving directory '/home/ubuntu/ROS/project1_ws/build/CMakeFiles/CMakeTmp'
Makefile:126: recipe for target 'cmTC_82e43/fast' failed
make: *** [cmTC_82e43/fast] Error 2

File /home/ubuntu/ROS/project1_ws/build/CMakeFiles/CMakeTmp/CheckSymbolExists.c:
/* */
#include <pthread.h>

int main(int argc, char** argv)
{
  (void)argv;
#ifndef pthread_create
  return ((int*)(&pthread_create))[argc];
#else
  (void)argc;
  return 0;
#endif
}

Determining if the function pthread_create exists in the pthreads failed with the following output:
Change Dir: /home/ubuntu/ROS/project1_ws/build/CMakeFiles/CMakeTmp

Run Build Command:"/usr/bin/make" "cmTC_37cd6/fast"
/usr/bin/make -f CMakeFiles/cmTC_37cd6.dir/build.make CMakeFiles/cmTC_37cd6.dir/build
make[1]: Entering directory '/home/ubuntu/ROS/project1_ws/build/CMakeFiles/CMakeTmp'
Building C object CMakeFiles/cmTC_37cd6.dir/CheckFunctionExists.c.o
/usr/bin/cc   -DCHECK_FUNCTION_EXISTS=pthread_create   -o CMakeFiles/cmTC_37cd6.dir/CheckFunctionExists.c.o   -c /usr/share/cmake-3.10/Modules/CheckFunctionExists.c
Linking C executable cmTC_37cd6
/usr/bin/cmake -E cmake_link_script CMakeFiles/cmTC_37cd6.dir/link.txt --verbose=1
/usr/bin/cc  -DCHECK_FUNCTION_EXISTS=pthread_create    -rdynamic CMakeFiles/cmTC_37cd6.dir/CheckFunctionExists.c.o  -o cmTC_37cd6 -lpthreads 
/usr/bin/ld: cannot find -lpthreads
collect2: error: ld returned 1 exit status
CMakeFiles/cmTC_37cd6.dir/build.make:97: recipe for target 'cmTC_37cd6' failed
make[1]: *** [cmTC_37cd6] Error 1
make[1]: Leaving directory '/home/ubuntu/ROS/project1_ws/build/CMakeFiles/CMakeTmp'
Makefile:126: recipe for target 'cmTC_37cd6/fast' failed
make: *** [cmTC_37cd6/fast] Error 2


